# JRE version: Java(TM) SE Runtime Environment (8.0_261-b12) (build 1.8.0_261-b12)
# Java VM: Java HotSpot(TM) 64-Bit Server VM (25.261-b12 mixed mode windows-amd64 compressed oops)
Heap:
 PSYoungGen      total 140800K, used 107849K [0x00000000d6580000, 0x00000000e3c80000, 0x0000000100000000)
  eden space 131072K, 74% used [0x00000000d6580000,0x00000000dc558310,0x00000000de580000)
  from space 9728K, 99% used [0x00000000de580000,0x00000000deefa3c8,0x00000000def00000)
  to   space 15360K, 0% used [0x00000000e2d80000,0x00000000e2d80000,0x00000000e3c80000)
 ParOldGen       total 66560K, used 20704K [0x0000000083000000, 0x0000000087100000, 0x00000000d6580000)
  object space 66560K, 31% used [0x0000000083000000,0x0000000084438308,0x0000000087100000)
 Metaspace       used 27480K, capacity 28216K, committed 28544K, reserved 1075200K
  class space    used 3158K, capacity 3365K, committed 3456K, reserved 1048576K
GC Heap History (10 events):
Event: 1.729 GC heap before
{Heap before GC invocations=4 (full 0):
 PSYoungGen      total 37888K, used 37878K [0x00000000d6580000, 0x00000000daf80000, 0x0000000100000000)
  eden space 32768K, 100% used [0x00000000d6580000,0x00000000d8580000,0x00000000d8580000)
  from space 5120K, 99% used [0x00000000d8580000,0x00000000d8a7d8a0,0x00000000d8a80000)
  to   space 5120K, 0% used [0x00000000daa80000,0x00000000daa80000,0x00000000daf80000)
 ParOldGen       total 86016K, used 2929K [0x0000000083000000, 0x0000000088400000, 0x00000000d6580000)
  object space 86016K, 3% used [0x0000000083000000,0x00000000832dc4f0,0x0000000088400000)
 Metaspace       used 16154K, capacity 16456K, committed 16640K, reserved 1064960K
  class space    used 1926K, capacity 2011K, committed 2048K, reserved 1048576K
Event: 1.735 GC heap after
Heap after GC invocations=4 (full 0):
 PSYoungGen      total 70656K, used 5104K [0x00000000d6580000, 0x00000000daf80000, 0x0000000100000000)
  eden space 65536K, 0% used [0x00000000d6580000,0x00000000d6580000,0x00000000da580000)
  from space 5120K, 99% used [0x00000000daa80000,0x00000000daf7c030,0x00000000daf80000)
  to   space 5120K, 0% used [0x00000000da580000,0x00000000da580000,0x00000000daa80000)
 ParOldGen       total 86016K, used 5194K [0x0000000083000000, 0x0000000088400000, 0x00000000d6580000)
  object space 86016K, 6% used [0x0000000083000000,0x0000000083512928,0x0000000088400000)
 Metaspace       used 16154K, capacity 16456K, committed 16640K, reserved 1064960K
  class space    used 1926K, capacity 2011K, committed 2048K, reserved 1048576K
}
Event: 2.600 GC heap before
{Heap before GC invocations=5 (full 0):
 PSYoungGen      total 70656K, used 70640K [0x00000000d6580000, 0x00000000daf80000, 0x0000000100000000)
  eden space 65536K, 100% used [0x00000000d6580000,0x00000000da580000,0x00000000da580000)
  from space 5120K, 99% used [0x00000000daa80000,0x00000000daf7c030,0x00000000daf80000)
  to   space 5120K, 0% used [0x00000000da580000,0x00000000da580000,0x00000000daa80000)
 ParOldGen       total 86016K, used 5194K [0x0000000083000000, 0x0000000088400000, 0x00000000d6580000)
  object space 86016K, 6% used [0x0000000083000000,0x0000000083512928,0x0000000088400000)
 Metaspace       used 17727K, capacity 18264K, committed 18432K, reserved 1064960K
  class space    used 2065K, capacity 2197K, committed 2304K, reserved 1048576K
Event: 2.608 GC heap after
Heap after GC invocations=5 (full 0):
 PSYoungGen      total 70656K, used 5104K [0x00000000d6580000, 0x00000000df980000, 0x0000000100000000)
  eden space 65536K, 0% used [0x00000000d6580000,0x00000000d6580000,0x00000000da580000)
  from space 5120K, 99% used [0x00000000da580000,0x00000000daa7c030,0x00000000daa80000)
  to   space 10240K, 0% used [0x00000000def80000,0x00000000def80000,0x00000000df980000)
 ParOldGen       total 86016K, used 9457K [0x0000000083000000, 0x0000000088400000, 0x00000000d6580000)
  object space 86016K, 10% used [0x0000000083000000,0x000000008393c4d0,0x0000000088400000)
 Metaspace       used 17727K, capacity 18264K, committed 18432K, reserved 1064960K
  class space    used 2065K, capacity 2197K, committed 2304K, reserved 1048576K
}
Event: 2.928 GC heap before
{Heap before GC invocations=6 (full 0):
 PSYoungGen      total 70656K, used 32690K [0x00000000d6580000, 0x00000000df980000, 0x0000000100000000)
  eden space 65536K, 42% used [0x00000000d6580000,0x00000000d80709d8,0x00000000da580000)
  from space 5120K, 99% used [0x00000000da580000,0x00000000daa7c030,0x00000000daa80000)
  to   space 10240K, 0% used [0x00000000def80000,0x00000000def80000,0x00000000df980000)
 ParOldGen       total 86016K, used 9457K [0x0000000083000000, 0x0000000088400000, 0x00000000d6580000)
  object space 86016K, 10% used [0x0000000083000000,0x000000008393c4d0,0x0000000088400000)
 Metaspace       used 20503K, capacity 21118K, committed 21296K, reserved 1069056K
  class space    used 2417K, capacity 2598K, committed 2688K, reserved 1048576K
Event: 2.937 GC heap after
Heap after GC invocations=6 (full 0):
 PSYoungGen      total 140288K, used 7107K [0x00000000d6580000, 0x00000000df880000, 0x0000000100000000)
  eden space 131072K, 0% used [0x00000000d6580000,0x00000000d6580000,0x00000000de580000)
  from space 9216K, 77% used [0x00000000def80000,0x00000000df670fd8,0x00000000df880000)
  to   space 9728K, 0% used [0x00000000de580000,0x00000000de580000,0x00000000def00000)
 ParOldGen       total 86016K, used 9465K [0x0000000083000000, 0x0000000088400000, 0x00000000d6580000)
  object space 86016K, 11% used [0x0000000083000000,0x000000008393e4d0,0x0000000088400000)
 Metaspace       used 20503K, capacity 21118K, committed 21296K, reserved 1069056K
  class space    used 2417K, capacity 2598K, committed 2688K, reserved 1048576K
}
Event: 2.937 GC heap before
{Heap before GC invocations=7 (full 1):
 PSYoungGen      total 140288K, used 7107K [0x00000000d6580000, 0x00000000df880000, 0x0000000100000000)
  eden space 131072K, 0% used [0x00000000d6580000,0x00000000d6580000,0x00000000de580000)
  from space 9216K, 77% used [0x00000000def80000,0x00000000df670fd8,0x00000000df880000)
  to   space 9728K, 0% used [0x00000000de580000,0x00000000de580000,0x00000000def00000)
 ParOldGen       total 86016K, used 9465K [0x0000000083000000, 0x0000000088400000, 0x00000000d6580000)
  object space 86016K, 11% used [0x0000000083000000,0x000000008393e4d0,0x0000000088400000)
 Metaspace       used 20503K, capacity 21118K, committed 21296K, reserved 1069056K
  class space    used 2417K, capacity 2598K, committed 2688K, reserved 1048576K
Event: 2.983 GC heap after
Heap after GC invocations=7 (full 1):
 PSYoungGen      total 140288K, used 0K [0x00000000d6580000, 0x00000000df880000, 0x0000000100000000)
  eden space 131072K, 0% used [0x00000000d6580000,0x00000000d6580000,0x00000000de580000)
  from space 9216K, 0% used [0x00000000def80000,0x00000000def80000,0x00000000df880000)
  to   space 9728K, 0% used [0x00000000de580000,0x00000000de580000,0x00000000def00000)
 ParOldGen       total 66560K, used 11470K [0x0000000083000000, 0x0000000087100000, 0x00000000d6580000)
  object space 66560K, 17% used [0x0000000083000000,0x0000000083b33b88,0x0000000087100000)
 Metaspace       used 20503K, capacity 21118K, committed 21296K, reserved 1069056K
  class space    used 2417K, capacity 2598K, committed 2688K, reserved 1048576K
}
Event: 4.525 GC heap before
{Heap before GC invocations=8 (full 1):
 PSYoungGen      total 140288K, used 131072K [0x00000000d6580000, 0x00000000df880000, 0x0000000100000000)
  eden space 131072K, 100% used [0x00000000d6580000,0x00000000de580000,0x00000000de580000)
  from space 9216K, 0% used [0x00000000def80000,0x00000000def80000,0x00000000df880000)
  to   space 9728K, 0% used [0x00000000de580000,0x00000000de580000,0x00000000def00000)
 ParOldGen       total 66560K, used 11470K [0x0000000083000000, 0x0000000087100000, 0x00000000d6580000)
  object space 66560K, 17% used [0x0000000083000000,0x0000000083b33b88,0x0000000087100000)
 Metaspace       used 24847K, capacity 25600K, committed 25728K, reserved 1071104K
  class space    used 2892K, capacity 3074K, committed 3200K, reserved 1048576K
Event: 4.539 GC heap after
Heap after GC invocations=8 (full 1):
 PSYoungGen      total 140800K, used 9704K [0x00000000d6580000, 0x00000000e3c80000, 0x0000000100000000)
  eden space 131072K, 0% used [0x00000000d6580000,0x00000000d6580000,0x00000000de580000)
  from space 9728K, 99% used [0x00000000de580000,0x00000000deefa3c8,0x00000000def00000)
  to   space 15360K, 0% used [0x00000000e2d80000,0x00000000e2d80000,0x00000000e3c80000)
 ParOldGen       total 66560K, used 20704K [0x0000000083000000, 0x0000000087100000, 0x00000000d6580000)
  object space 66560K, 31% used [0x0000000083000000,0x0000000084438308,0x0000000087100000)
 Metaspace       used 24847K, capacity 25600K, committed 25728K, reserved 1071104K
  class space    used 2892K, capacity 3074K, committed 3200K, reserved 1048576K
}

